Started GET "/" for ::1 at 2017-03-01 18:23:22 -0500
Processing by Rails::WelcomeController#index as HTML
  Parameters: {"internal"=>true}
  Rendering /Users/arikotturdottir/.rvm/gems/ruby-2.4.0/gems/railties-5.0.1/lib/rails/templates/rails/welcome/index.html.erb
  Rendered /Users/arikotturdottir/.rvm/gems/ruby-2.4.0/gems/railties-5.0.1/lib/rails/templates/rails/welcome/index.html.erb (2.6ms)
Completed 200 OK in 17ms (Views: 6.5ms | ActiveRecord: 0.0ms)


Started GET "/" for ::1 at 2017-03-01 18:24:13 -0500
Processing by Rails::WelcomeController#index as HTML
  Parameters: {"internal"=>true}
  Rendering /Users/arikotturdottir/.rvm/gems/ruby-2.4.0/gems/railties-5.0.1/lib/rails/templates/rails/welcome/index.html.erb
  Rendered /Users/arikotturdottir/.rvm/gems/ruby-2.4.0/gems/railties-5.0.1/lib/rails/templates/rails/welcome/index.html.erb (2.1ms)
Completed 200 OK in 5ms (Views: 3.4ms | ActiveRecord: 0.0ms)


Started GET "/files" for ::1 at 2017-03-01 18:24:14 -0500
Processing by FilesController#index as HTML
  Rendering files/index.html.erb within layouts/application
  Rendered files/index.html.erb within layouts/application (0.6ms)
Completed 200 OK in 2643ms (Views: 2641.4ms | ActiveRecord: 0.0ms)


Started GET "/files" for ::1 at 2017-03-01 18:24:58 -0500
Processing by FilesController#index as HTML
  Rendering files/index.html.erb within layouts/application
  Rendered files/index.html.erb within layouts/application (0.8ms)
Completed 200 OK in 35ms (Views: 33.3ms | ActiveRecord: 0.0ms)


Started GET "/files" for ::1 at 2017-03-01 18:30:07 -0500
Processing by FilesController#index as HTML
  Rendering files/index.html.erb within layouts/application
  Rendered files/index.html.erb within layouts/application (0.3ms)
Completed 200 OK in 31ms (Views: 29.7ms | ActiveRecord: 0.0ms)


Started GET "/files/file1" for ::1 at 2017-03-01 18:30:11 -0500
  
ActionController::RoutingError (No route matches [GET] "/files/file1"):
  
actionpack (5.0.1) lib/action_dispatch/middleware/debug_exceptions.rb:53:in `call'
web-console (3.4.0) lib/web_console/middleware.rb:135:in `call_app'
web-console (3.4.0) lib/web_console/middleware.rb:28:in `block in call'
web-console (3.4.0) lib/web_console/middleware.rb:18:in `catch'
web-console (3.4.0) lib/web_console/middleware.rb:18:in `call'
actionpack (5.0.1) lib/action_dispatch/middleware/show_exceptions.rb:31:in `call'
railties (5.0.1) lib/rails/rack/logger.rb:36:in `call_app'
railties (5.0.1) lib/rails/rack/logger.rb:24:in `block in call'
activesupport (5.0.1) lib/active_support/tagged_logging.rb:69:in `block in tagged'
activesupport (5.0.1) lib/active_support/tagged_logging.rb:26:in `tagged'
activesupport (5.0.1) lib/active_support/tagged_logging.rb:69:in `tagged'
railties (5.0.1) lib/rails/rack/logger.rb:24:in `call'
sprockets-rails (3.2.0) lib/sprockets/rails/quiet_assets.rb:13:in `call'
actionpack (5.0.1) lib/action_dispatch/middleware/request_id.rb:24:in `call'
rack (2.0.1) lib/rack/method_override.rb:22:in `call'
rack (2.0.1) lib/rack/runtime.rb:22:in `call'
activesupport (5.0.1) lib/active_support/cache/strategy/local_cache_middleware.rb:28:in `call'
actionpack (5.0.1) lib/action_dispatch/middleware/executor.rb:12:in `call'
actionpack (5.0.1) lib/action_dispatch/middleware/static.rb:136:in `call'
rack (2.0.1) lib/rack/sendfile.rb:111:in `call'
railties (5.0.1) lib/rails/engine.rb:522:in `call'
puma (3.7.1) lib/puma/configuration.rb:232:in `call'
puma (3.7.1) lib/puma/server.rb:578:in `handle_request'
puma (3.7.1) lib/puma/server.rb:415:in `process_client'
puma (3.7.1) lib/puma/server.rb:275:in `block in run'
puma (3.7.1) lib/puma/thread_pool.rb:120:in `block in spawn_thread'
  Rendering /Users/arikotturdottir/.rvm/gems/ruby-2.4.0/gems/actionpack-5.0.1/lib/action_dispatch/middleware/templates/rescues/routing_error.html.erb within rescues/layout
  Rendering /Users/arikotturdottir/.rvm/gems/ruby-2.4.0/gems/actionpack-5.0.1/lib/action_dispatch/middleware/templates/rescues/_trace.html.erb
  Rendered /Users/arikotturdottir/.rvm/gems/ruby-2.4.0/gems/actionpack-5.0.1/lib/action_dispatch/middleware/templates/rescues/_trace.html.erb (0.9ms)
  Rendered collection of /Users/arikotturdottir/.rvm/gems/ruby-2.4.0/gems/actionpack-5.0.1/lib/action_dispatch/middleware/templates/routes/_route.html.erb [1 times] (6.0ms)
  Rendered /Users/arikotturdottir/.rvm/gems/ruby-2.4.0/gems/actionpack-5.0.1/lib/action_dispatch/middleware/templates/routes/_table.html.erb (6.0ms)
  Rendering /Users/arikotturdottir/.rvm/gems/ruby-2.4.0/gems/actionpack-5.0.1/lib/action_dispatch/middleware/templates/rescues/_request_and_response.html.erb
  Rendered /Users/arikotturdottir/.rvm/gems/ruby-2.4.0/gems/actionpack-5.0.1/lib/action_dispatch/middleware/templates/rescues/_request_and_response.html.erb (0.9ms)
  Rendered /Users/arikotturdottir/.rvm/gems/ruby-2.4.0/gems/actionpack-5.0.1/lib/action_dispatch/middleware/templates/rescues/routing_error.html.erb within rescues/layout (72.3ms)
Started GET "/files" for ::1 at 2017-03-01 18:30:16 -0500
Processing by FilesController#index as HTML
  Rendering files/index.html.erb within layouts/application
  Rendered files/index.html.erb within layouts/application (0.4ms)
Completed 200 OK in 39ms (Views: 37.2ms | ActiveRecord: 0.0ms)


Started GET "/files" for ::1 at 2017-03-01 18:30:38 -0500
Processing by FilesController#index as HTML
  Rendering files/index.html.erb within layouts/application
  Rendered files/index.html.erb within layouts/application (0.3ms)
Completed 200 OK in 33ms (Views: 30.7ms | ActiveRecord: 0.0ms)


Started GET "/files" for ::1 at 2017-03-01 18:30:41 -0500
Processing by FilesController#index as HTML
  Rendering files/index.html.erb within layouts/application
  Rendered files/index.html.erb within layouts/application (0.4ms)
Started GET "/files/file1" for ::1 at 2017-03-01 18:30:41 -0500
Processing by FilesController#show as HTML
  Parameters: {"name"=>"file1"}
  Rendering files/show.html.erb within layouts/application
  Rendered files/show.html.erb within layouts/application (2.8ms)
Completed 500 Internal Server Error in 13ms (ActiveRecord: 0.0ms)


  
ActionView::Template::Error (undefined method `each' for nil:NilClass):
     7:           <th>Files</th>
     8:           <th>Actions</th>
     9:         </tr>
    10:         <% @files.each do |file| %>
    11:         <tr>
    12:           <td><%= file %></td>
    13:           <td></td>
  
app/views/files/show.html.erb:10:in `_app_views_files_show_html_erb__4450391360616529130_70202990028800'
Completed 200 OK in 100ms (Views: 98.9ms | ActiveRecord: 0.0ms)


  Rendering /Users/arikotturdottir/.rvm/gems/ruby-2.4.0/gems/actionpack-5.0.1/lib/action_dispatch/middleware/templates/rescues/template_error.html.erb within rescues/layout
  Rendering /Users/arikotturdottir/.rvm/gems/ruby-2.4.0/gems/actionpack-5.0.1/lib/action_dispatch/middleware/templates/rescues/_source.html.erb
  Rendered /Users/arikotturdottir/.rvm/gems/ruby-2.4.0/gems/actionpack-5.0.1/lib/action_dispatch/middleware/templates/rescues/_source.html.erb (4.3ms)
  Rendering /Users/arikotturdottir/.rvm/gems/ruby-2.4.0/gems/actionpack-5.0.1/lib/action_dispatch/middleware/templates/rescues/_trace.html.erb
  Rendered /Users/arikotturdottir/.rvm/gems/ruby-2.4.0/gems/actionpack-5.0.1/lib/action_dispatch/middleware/templates/rescues/_trace.html.erb (1.5ms)
  Rendering /Users/arikotturdottir/.rvm/gems/ruby-2.4.0/gems/actionpack-5.0.1/lib/action_dispatch/middleware/templates/rescues/_request_and_response.html.erb
  Rendered /Users/arikotturdottir/.rvm/gems/ruby-2.4.0/gems/actionpack-5.0.1/lib/action_dispatch/middleware/templates/rescues/_request_and_response.html.erb (0.7ms)
  Rendered /Users/arikotturdottir/.rvm/gems/ruby-2.4.0/gems/actionpack-5.0.1/lib/action_dispatch/middleware/templates/rescues/template_error.html.erb within rescues/layout (47.9ms)
Started GET "/files" for ::1 at 2017-03-01 18:30:42 -0500
Processing by FilesController#index as HTML
Started GET "/files/file1" for ::1 at 2017-03-01 18:30:42 -0500
Processing by FilesController#show as HTML
  Rendering files/index.html.erb within layouts/application
  Parameters: {"name"=>"file1"}
  Rendered files/index.html.erb within layouts/application (0.3ms)
  Rendering files/show.html.erb within layouts/application
  Rendered files/show.html.erb within layouts/application (1.9ms)
Completed 500 Internal Server Error in 7ms (ActiveRecord: 0.0ms)


  
ActionView::Template::Error (undefined method `each' for nil:NilClass):
     7:           <th>Files</th>
     8:           <th>Actions</th>
     9:         </tr>
    10:         <% @files.each do |file| %>
    11:         <tr>
    12:           <td><%= file %></td>
    13:           <td></td>
  
app/views/files/show.html.erb:10:in `_app_views_files_show_html_erb__4450391360616529130_70203039499000'
Completed 200 OK in 94ms (Views: 92.5ms | ActiveRecord: 0.0ms)


  Rendering /Users/arikotturdottir/.rvm/gems/ruby-2.4.0/gems/actionpack-5.0.1/lib/action_dispatch/middleware/templates/rescues/template_error.html.erb within rescues/layout
  Rendering /Users/arikotturdottir/.rvm/gems/ruby-2.4.0/gems/actionpack-5.0.1/lib/action_dispatch/middleware/templates/rescues/_source.html.erb
  Rendered /Users/arikotturdottir/.rvm/gems/ruby-2.4.0/gems/actionpack-5.0.1/lib/action_dispatch/middleware/templates/rescues/_source.html.erb (3.8ms)
  Rendering /Users/arikotturdottir/.rvm/gems/ruby-2.4.0/gems/actionpack-5.0.1/lib/action_dispatch/middleware/templates/rescues/_trace.html.erb
  Rendered /Users/arikotturdottir/.rvm/gems/ruby-2.4.0/gems/actionpack-5.0.1/lib/action_dispatch/middleware/templates/rescues/_trace.html.erb (1.5ms)
  Rendering /Users/arikotturdottir/.rvm/gems/ruby-2.4.0/gems/actionpack-5.0.1/lib/action_dispatch/middleware/templates/rescues/_request_and_response.html.erb
  Rendered /Users/arikotturdottir/.rvm/gems/ruby-2.4.0/gems/actionpack-5.0.1/lib/action_dispatch/middleware/templates/rescues/_request_and_response.html.erb (0.5ms)
  Rendered /Users/arikotturdottir/.rvm/gems/ruby-2.4.0/gems/actionpack-5.0.1/lib/action_dispatch/middleware/templates/rescues/template_error.html.erb within rescues/layout (43.7ms)
Started GET "/files/file1" for ::1 at 2017-03-01 18:30:43 -0500
Processing by FilesController#show as HTML
Started GET "/files" for ::1 at 2017-03-01 18:30:43 -0500
  Parameters: {"name"=>"file1"}
Processing by FilesController#index as HTML
  Rendering files/show.html.erb within layouts/application
  Rendering files/index.html.erb within layouts/application
  Rendered files/show.html.erb within layouts/application (3.7ms)
  Rendered files/index.html.erb within layouts/application (0.3ms)
Completed 500 Internal Server Error in 11ms (ActiveRecord: 0.0ms)


  
ActionView::Template::Error (undefined method `each' for nil:NilClass):
     7:           <th>Files</th>
     8:           <th>Actions</th>
     9:         </tr>
    10:         <% @files.each do |file| %>
    11:         <tr>
    12:           <td><%= file %></td>
    13:           <td></td>
  
app/views/files/show.html.erb:10:in `_app_views_files_show_html_erb__4450391360616529130_70203049095040'
Completed 200 OK in 96ms (Views: 94.6ms | ActiveRecord: 0.0ms)


  Rendering /Users/arikotturdottir/.rvm/gems/ruby-2.4.0/gems/actionpack-5.0.1/lib/action_dispatch/middleware/templates/rescues/template_error.html.erb within rescues/layout
  Rendering /Users/arikotturdottir/.rvm/gems/ruby-2.4.0/gems/actionpack-5.0.1/lib/action_dispatch/middleware/templates/rescues/_source.html.erb
  Rendered /Users/arikotturdottir/.rvm/gems/ruby-2.4.0/gems/actionpack-5.0.1/lib/action_dispatch/middleware/templates/rescues/_source.html.erb (4.1ms)
  Rendering /Users/arikotturdottir/.rvm/gems/ruby-2.4.0/gems/actionpack-5.0.1/lib/action_dispatch/middleware/templates/rescues/_trace.html.erb
  Rendered /Users/arikotturdottir/.rvm/gems/ruby-2.4.0/gems/actionpack-5.0.1/lib/action_dispatch/middleware/templates/rescues/_trace.html.erb (1.7ms)
  Rendering /Users/arikotturdottir/.rvm/gems/ruby-2.4.0/gems/actionpack-5.0.1/lib/action_dispatch/middleware/templates/rescues/_request_and_response.html.erb
  Rendered /Users/arikotturdottir/.rvm/gems/ruby-2.4.0/gems/actionpack-5.0.1/lib/action_dispatch/middleware/templates/rescues/_request_and_response.html.erb (0.6ms)
  Rendered /Users/arikotturdottir/.rvm/gems/ruby-2.4.0/gems/actionpack-5.0.1/lib/action_dispatch/middleware/templates/rescues/template_error.html.erb within rescues/layout (48.1ms)
Started GET "/files" for ::1 at 2017-03-01 18:30:50 -0500
Processing by FilesController#index as HTML
Started GET "/files/file1" for ::1 at 2017-03-01 18:30:50 -0500
  Rendering files/index.html.erb within layouts/application
Processing by FilesController#show as HTML
  Rendered files/index.html.erb within layouts/application (0.4ms)
  Parameters: {"name"=>"file1"}
  Rendering files/show.html.erb within layouts/application
  Rendered files/show.html.erb within layouts/application (0.3ms)
Completed 200 OK in 69ms (Views: 67.5ms | ActiveRecord: 0.0ms)


Completed 200 OK in 61ms (Views: 59.9ms | ActiveRecord: 0.0ms)


Started GET "/files/file1" for ::1 at 2017-03-01 18:31:02 -0500
Processing by FilesController#show as HTML
  Parameters: {"name"=>"file1"}
  Rendering files/show.html.erb within layouts/application
  Rendered files/show.html.erb within layouts/application (0.3ms)
Completed 200 OK in 31ms (Views: 30.1ms | ActiveRecord: 0.0ms)


Started GET "/files" for ::1 at 2017-03-01 18:31:22 -0500
Processing by FilesController#index as HTML
  Rendering files/index.html.erb within layouts/application
  Rendered files/index.html.erb within layouts/application (0.3ms)
Completed 200 OK in 28ms (Views: 27.2ms | ActiveRecord: 0.0ms)


Started GET "/files" for ::1 at 2017-03-01 18:31:22 -0500
Processing by FilesController#index as HTML
  Rendering files/index.html.erb within layouts/application
  Rendered files/index.html.erb within layouts/application (0.3ms)
Completed 200 OK in 35ms (Views: 33.0ms | ActiveRecord: 0.0ms)


Started GET "/files/file1" for ::1 at 2017-03-01 18:31:29 -0500
Processing by FilesController#show as HTML
Started GET "/files" for ::1 at 2017-03-01 18:31:29 -0500
  Parameters: {"name"=>"file1"}
Processing by FilesController#index as HTML
  Rendering files/show.html.erb within layouts/application
  Rendering files/index.html.erb within layouts/application
  Rendered files/show.html.erb within layouts/application (0.3ms)
  Rendered files/index.html.erb within layouts/application (0.3ms)
Completed 200 OK in 59ms (Views: 57.3ms | ActiveRecord: 0.0ms)


Completed 200 OK in 57ms (Views: 55.8ms | ActiveRecord: 0.0ms)


Started GET "/files/index" for ::1 at 2017-03-01 18:31:30 -0500
Processing by FilesController#show as HTML
  Parameters: {"name"=>"index"}
  Rendering files/show.html.erb within layouts/application
  Rendered files/show.html.erb within layouts/application (0.4ms)
Completed 200 OK in 33ms (Views: 31.5ms | ActiveRecord: 0.0ms)


Started GET "/files" for ::1 at 2017-03-01 18:37:22 -0500
Processing by FilesController#index as HTML
  Rendering files/index.html.erb within layouts/application
  Rendered files/index.html.erb within layouts/application (0.4ms)
Completed 200 OK in 30ms (Views: 29.0ms | ActiveRecord: 0.0ms)


Started GET "/file1" for ::1 at 2017-03-01 18:37:24 -0500
  
ActionController::RoutingError (No route matches [GET] "/file1"):
  
actionpack (5.0.1) lib/action_dispatch/middleware/debug_exceptions.rb:53:in `call'
web-console (3.4.0) lib/web_console/middleware.rb:135:in `call_app'
web-console (3.4.0) lib/web_console/middleware.rb:28:in `block in call'
web-console (3.4.0) lib/web_console/middleware.rb:18:in `catch'
web-console (3.4.0) lib/web_console/middleware.rb:18:in `call'
actionpack (5.0.1) lib/action_dispatch/middleware/show_exceptions.rb:31:in `call'
railties (5.0.1) lib/rails/rack/logger.rb:36:in `call_app'
railties (5.0.1) lib/rails/rack/logger.rb:24:in `block in call'
activesupport (5.0.1) lib/active_support/tagged_logging.rb:69:in `block in tagged'
activesupport (5.0.1) lib/active_support/tagged_logging.rb:26:in `tagged'
activesupport (5.0.1) lib/active_support/tagged_logging.rb:69:in `tagged'
railties (5.0.1) lib/rails/rack/logger.rb:24:in `call'
sprockets-rails (3.2.0) lib/sprockets/rails/quiet_assets.rb:13:in `call'
actionpack (5.0.1) lib/action_dispatch/middleware/request_id.rb:24:in `call'
rack (2.0.1) lib/rack/method_override.rb:22:in `call'
rack (2.0.1) lib/rack/runtime.rb:22:in `call'
activesupport (5.0.1) lib/active_support/cache/strategy/local_cache_middleware.rb:28:in `call'
actionpack (5.0.1) lib/action_dispatch/middleware/executor.rb:12:in `call'
actionpack (5.0.1) lib/action_dispatch/middleware/static.rb:136:in `call'
rack (2.0.1) lib/rack/sendfile.rb:111:in `call'
railties (5.0.1) lib/rails/engine.rb:522:in `call'
puma (3.7.1) lib/puma/configuration.rb:232:in `call'
puma (3.7.1) lib/puma/server.rb:578:in `handle_request'
puma (3.7.1) lib/puma/server.rb:415:in `process_client'
puma (3.7.1) lib/puma/server.rb:275:in `block in run'
puma (3.7.1) lib/puma/thread_pool.rb:120:in `block in spawn_thread'
  Rendering /Users/arikotturdottir/.rvm/gems/ruby-2.4.0/gems/actionpack-5.0.1/lib/action_dispatch/middleware/templates/rescues/routing_error.html.erb within rescues/layout
  Rendering /Users/arikotturdottir/.rvm/gems/ruby-2.4.0/gems/actionpack-5.0.1/lib/action_dispatch/middleware/templates/rescues/_trace.html.erb
  Rendered /Users/arikotturdottir/.rvm/gems/ruby-2.4.0/gems/actionpack-5.0.1/lib/action_dispatch/middleware/templates/rescues/_trace.html.erb (0.9ms)
  Rendered collection of /Users/arikotturdottir/.rvm/gems/ruby-2.4.0/gems/actionpack-5.0.1/lib/action_dispatch/middleware/templates/routes/_route.html.erb [2 times] (1.6ms)
  Rendered /Users/arikotturdottir/.rvm/gems/ruby-2.4.0/gems/actionpack-5.0.1/lib/action_dispatch/middleware/templates/routes/_table.html.erb (0.8ms)
  Rendering /Users/arikotturdottir/.rvm/gems/ruby-2.4.0/gems/actionpack-5.0.1/lib/action_dispatch/middleware/templates/rescues/_request_and_response.html.erb
  Rendered /Users/arikotturdottir/.rvm/gems/ruby-2.4.0/gems/actionpack-5.0.1/lib/action_dispatch/middleware/templates/rescues/_request_and_response.html.erb (0.7ms)
  Rendered /Users/arikotturdottir/.rvm/gems/ruby-2.4.0/gems/actionpack-5.0.1/lib/action_dispatch/middleware/templates/rescues/routing_error.html.erb within rescues/layout (58.7ms)
Started GET "/files" for ::1 at 2017-03-01 18:37:28 -0500
Processing by FilesController#index as HTML
  Rendering files/index.html.erb within layouts/application
  Rendered files/index.html.erb within layouts/application (0.4ms)
Completed 200 OK in 30ms (Views: 28.8ms | ActiveRecord: 0.0ms)


Started GET "/files" for ::1 at 2017-03-01 18:45:17 -0500
Processing by FilesController#index as HTML
  Rendering files/index.html.erb within layouts/application
  Rendered files/index.html.erb within layouts/application (0.4ms)
Completed 200 OK in 32ms (Views: 31.0ms | ActiveRecord: 0.0ms)


Started GET "/file1" for ::1 at 2017-03-01 18:45:18 -0500
  
ActionController::RoutingError (No route matches [GET] "/file1"):
  
actionpack (5.0.1) lib/action_dispatch/middleware/debug_exceptions.rb:53:in `call'
web-console (3.4.0) lib/web_console/middleware.rb:135:in `call_app'
web-console (3.4.0) lib/web_console/middleware.rb:28:in `block in call'
web-console (3.4.0) lib/web_console/middleware.rb:18:in `catch'
web-console (3.4.0) lib/web_console/middleware.rb:18:in `call'
actionpack (5.0.1) lib/action_dispatch/middleware/show_exceptions.rb:31:in `call'
railties (5.0.1) lib/rails/rack/logger.rb:36:in `call_app'
railties (5.0.1) lib/rails/rack/logger.rb:24:in `block in call'
activesupport (5.0.1) lib/active_support/tagged_logging.rb:69:in `block in tagged'
activesupport (5.0.1) lib/active_support/tagged_logging.rb:26:in `tagged'
activesupport (5.0.1) lib/active_support/tagged_logging.rb:69:in `tagged'
railties (5.0.1) lib/rails/rack/logger.rb:24:in `call'
sprockets-rails (3.2.0) lib/sprockets/rails/quiet_assets.rb:13:in `call'
actionpack (5.0.1) lib/action_dispatch/middleware/request_id.rb:24:in `call'
rack (2.0.1) lib/rack/method_override.rb:22:in `call'
rack (2.0.1) lib/rack/runtime.rb:22:in `call'
activesupport (5.0.1) lib/active_support/cache/strategy/local_cache_middleware.rb:28:in `call'
actionpack (5.0.1) lib/action_dispatch/middleware/executor.rb:12:in `call'
actionpack (5.0.1) lib/action_dispatch/middleware/static.rb:136:in `call'
rack (2.0.1) lib/rack/sendfile.rb:111:in `call'
railties (5.0.1) lib/rails/engine.rb:522:in `call'
puma (3.7.1) lib/puma/configuration.rb:232:in `call'
puma (3.7.1) lib/puma/server.rb:578:in `handle_request'
puma (3.7.1) lib/puma/server.rb:415:in `process_client'
puma (3.7.1) lib/puma/server.rb:275:in `block in run'
puma (3.7.1) lib/puma/thread_pool.rb:120:in `block in spawn_thread'
  Rendering /Users/arikotturdottir/.rvm/gems/ruby-2.4.0/gems/actionpack-5.0.1/lib/action_dispatch/middleware/templates/rescues/routing_error.html.erb within rescues/layout
  Rendering /Users/arikotturdottir/.rvm/gems/ruby-2.4.0/gems/actionpack-5.0.1/lib/action_dispatch/middleware/templates/rescues/_trace.html.erb
  Rendered /Users/arikotturdottir/.rvm/gems/ruby-2.4.0/gems/actionpack-5.0.1/lib/action_dispatch/middleware/templates/rescues/_trace.html.erb (1.4ms)
  Rendered collection of /Users/arikotturdottir/.rvm/gems/ruby-2.4.0/gems/actionpack-5.0.1/lib/action_dispatch/middleware/templates/routes/_route.html.erb [2 times] (1.4ms)
  Rendered /Users/arikotturdottir/.rvm/gems/ruby-2.4.0/gems/actionpack-5.0.1/lib/action_dispatch/middleware/templates/routes/_table.html.erb (1.0ms)
  Rendering /Users/arikotturdottir/.rvm/gems/ruby-2.4.0/gems/actionpack-5.0.1/lib/action_dispatch/middleware/templates/rescues/_request_and_response.html.erb
  Rendered /Users/arikotturdottir/.rvm/gems/ruby-2.4.0/gems/actionpack-5.0.1/lib/action_dispatch/middleware/templates/rescues/_request_and_response.html.erb (0.9ms)
  Rendered /Users/arikotturdottir/.rvm/gems/ruby-2.4.0/gems/actionpack-5.0.1/lib/action_dispatch/middleware/templates/rescues/routing_error.html.erb within rescues/layout (64.6ms)
Started GET "/files" for ::1 at 2017-03-01 18:45:20 -0500
Processing by FilesController#index as HTML
  Rendering files/index.html.erb within layouts/application
  Rendered files/index.html.erb within layouts/application (0.4ms)
Completed 200 OK in 30ms (Views: 29.0ms | ActiveRecord: 0.0ms)


Started GET "/files/file1" for ::1 at 2017-03-01 18:45:23 -0500
Processing by FilesController#show as HTML
  Parameters: {"name"=>"file1"}
  Rendering files/show.html.erb within layouts/application
  Rendered files/show.html.erb within layouts/application (0.2ms)
Completed 200 OK in 43ms (Views: 41.5ms | ActiveRecord: 0.0ms)


Started GET "/files/file1" for ::1 at 2017-03-01 18:45:24 -0500
Processing by FilesController#show as HTML
  Parameters: {"name"=>"file1"}
  Rendering files/show.html.erb within layouts/application
  Rendered files/show.html.erb within layouts/application (0.3ms)
Completed 200 OK in 35ms (Views: 33.0ms | ActiveRecord: 0.0ms)


Started GET "/files/file1" for ::1 at 2017-03-01 18:46:17 -0500
Processing by FilesController#show as HTML
  Parameters: {"name"=>"file1"}
  Rendering files/show.html.erb within layouts/application
  Rendered files/show.html.erb within layouts/application (0.3ms)
Completed 200 OK in 32ms (Views: 31.1ms | ActiveRecord: 0.0ms)


Started GET "/files/file1" for ::1 at 2017-03-01 18:46:19 -0500
Processing by FilesController#show as HTML
  Parameters: {"name"=>"file1"}
  Rendering files/show.html.erb within layouts/application
  Rendered files/show.html.erb within layouts/application (0.3ms)
Completed 200 OK in 33ms (Views: 31.3ms | ActiveRecord: 0.0ms)


Started GET "/files/file1" for ::1 at 2017-03-01 18:56:40 -0500
Processing by FilesController#show as HTML
  Parameters: {"name"=>"file1"}
  Rendering files/show.html.erb within layouts/application
  Rendered files/show.html.erb within layouts/application (0.2ms)
Completed 200 OK in 36ms (Views: 34.7ms | ActiveRecord: 0.0ms)


Started GET "/files/file1" for ::1 at 2017-03-01 18:56:44 -0500
Processing by FilesController#show as HTML
  Parameters: {"name"=>"file1"}
  Rendering files/show.html.erb within layouts/application
  Rendered files/show.html.erb within layouts/application (0.3ms)
Completed 200 OK in 30ms (Views: 29.0ms | ActiveRecord: 0.0ms)


Started GET "/files" for ::1 at 2017-03-01 18:56:45 -0500
Processing by FilesController#index as HTML
  Rendering files/index.html.erb within layouts/application
  Rendered files/index.html.erb within layouts/application (0.4ms)
Completed 200 OK in 30ms (Views: 28.5ms | ActiveRecord: 0.0ms)


Started GET "/files" for ::1 at 2017-03-01 18:56:45 -0500
Processing by FilesController#index as HTML
  Rendering files/index.html.erb within layouts/application
  Rendered files/index.html.erb within layouts/application (0.8ms)
Completed 200 OK in 42ms (Views: 40.1ms | ActiveRecord: 0.0ms)


Started GET "/file1" for ::1 at 2017-03-01 18:56:47 -0500
  
ActionController::RoutingError (No route matches [GET] "/file1"):
  
actionpack (5.0.1) lib/action_dispatch/middleware/debug_exceptions.rb:53:in `call'
web-console (3.4.0) lib/web_console/middleware.rb:135:in `call_app'
web-console (3.4.0) lib/web_console/middleware.rb:28:in `block in call'
web-console (3.4.0) lib/web_console/middleware.rb:18:in `catch'
web-console (3.4.0) lib/web_console/middleware.rb:18:in `call'
actionpack (5.0.1) lib/action_dispatch/middleware/show_exceptions.rb:31:in `call'
railties (5.0.1) lib/rails/rack/logger.rb:36:in `call_app'
railties (5.0.1) lib/rails/rack/logger.rb:24:in `block in call'
activesupport (5.0.1) lib/active_support/tagged_logging.rb:69:in `block in tagged'
activesupport (5.0.1) lib/active_support/tagged_logging.rb:26:in `tagged'
activesupport (5.0.1) lib/active_support/tagged_logging.rb:69:in `tagged'
railties (5.0.1) lib/rails/rack/logger.rb:24:in `call'
sprockets-rails (3.2.0) lib/sprockets/rails/quiet_assets.rb:13:in `call'
actionpack (5.0.1) lib/action_dispatch/middleware/request_id.rb:24:in `call'
rack (2.0.1) lib/rack/method_override.rb:22:in `call'
rack (2.0.1) lib/rack/runtime.rb:22:in `call'
activesupport (5.0.1) lib/active_support/cache/strategy/local_cache_middleware.rb:28:in `call'
actionpack (5.0.1) lib/action_dispatch/middleware/executor.rb:12:in `call'
actionpack (5.0.1) lib/action_dispatch/middleware/static.rb:136:in `call'
rack (2.0.1) lib/rack/sendfile.rb:111:in `call'
railties (5.0.1) lib/rails/engine.rb:522:in `call'
puma (3.7.1) lib/puma/configuration.rb:232:in `call'
puma (3.7.1) lib/puma/server.rb:578:in `handle_request'
puma (3.7.1) lib/puma/server.rb:415:in `process_client'
puma (3.7.1) lib/puma/server.rb:275:in `block in run'
puma (3.7.1) lib/puma/thread_pool.rb:120:in `block in spawn_thread'
  Rendering /Users/arikotturdottir/.rvm/gems/ruby-2.4.0/gems/actionpack-5.0.1/lib/action_dispatch/middleware/templates/rescues/routing_error.html.erb within rescues/layout
  Rendering /Users/arikotturdottir/.rvm/gems/ruby-2.4.0/gems/actionpack-5.0.1/lib/action_dispatch/middleware/templates/rescues/_trace.html.erb
  Rendered /Users/arikotturdottir/.rvm/gems/ruby-2.4.0/gems/actionpack-5.0.1/lib/action_dispatch/middleware/templates/rescues/_trace.html.erb (1.0ms)
  Rendered collection of /Users/arikotturdottir/.rvm/gems/ruby-2.4.0/gems/actionpack-5.0.1/lib/action_dispatch/middleware/templates/routes/_route.html.erb [2 times] (0.9ms)
  Rendered /Users/arikotturdottir/.rvm/gems/ruby-2.4.0/gems/actionpack-5.0.1/lib/action_dispatch/middleware/templates/routes/_table.html.erb (0.9ms)
  Rendering /Users/arikotturdottir/.rvm/gems/ruby-2.4.0/gems/actionpack-5.0.1/lib/action_dispatch/middleware/templates/rescues/_request_and_response.html.erb
  Rendered /Users/arikotturdottir/.rvm/gems/ruby-2.4.0/gems/actionpack-5.0.1/lib/action_dispatch/middleware/templates/rescues/_request_and_response.html.erb (0.9ms)
  Rendered /Users/arikotturdottir/.rvm/gems/ruby-2.4.0/gems/actionpack-5.0.1/lib/action_dispatch/middleware/templates/rescues/routing_error.html.erb within rescues/layout (55.8ms)
Started GET "/files" for ::1 at 2017-03-01 18:56:49 -0500
Processing by FilesController#index as HTML
  Rendering files/index.html.erb within layouts/application
  Rendered files/index.html.erb within layouts/application (0.8ms)
Completed 200 OK in 33ms (Views: 31.3ms | ActiveRecord: 0.0ms)


Started GET "/files" for ::1 at 2017-03-01 18:57:25 -0500
Processing by FilesController#index as HTML
  Rendering files/index.html.erb within layouts/application
  Rendered files/index.html.erb within layouts/application (0.6ms)
Completed 200 OK in 32ms (Views: 31.0ms | ActiveRecord: 0.0ms)


Started GET "/files/file1" for ::1 at 2017-03-01 18:57:27 -0500
Processing by FilesController#show as HTML
  Parameters: {"name"=>"file1"}
  Rendering files/show.html.erb within layouts/application
  Rendered files/show.html.erb within layouts/application (0.3ms)
Completed 200 OK in 35ms (Views: 33.5ms | ActiveRecord: 0.0ms)


Started GET "/files/file1" for ::1 at 2017-03-01 18:58:41 -0500
Processing by FilesController#show as HTML
  Parameters: {"name"=>"file1"}
  Rendering files/show.html.erb within layouts/application
  Rendered files/show.html.erb within layouts/application (0.3ms)
Completed 200 OK in 35ms (Views: 33.8ms | ActiveRecord: 0.0ms)


Started GET "/files/file1" for ::1 at 2017-03-01 19:05:55 -0500
Processing by FilesController#show as HTML
  Parameters: {"name"=>"file1"}
  Rendering files/show.html.erb within layouts/application
  Rendered files/show.html.erb within layouts/application (0.3ms)
Completed 200 OK in 33ms (Views: 31.6ms | ActiveRecord: 0.0ms)


